<?xml version="1.0" encoding="UTF-8"?>
<testng-results skipped="0" failed="0" ignored="0" total="1" passed="1">
  <reporter-output>
  </reporter-output>
  <suite name="Default suite" duration-ms="57" started-at="2022-03-15T02:26:06Z" finished-at="2022-03-15T02:26:07Z">
    <groups>
    </groups>
    <test name="Default test" duration-ms="57" started-at="2022-03-15T02:26:06Z" finished-at="2022-03-15T02:26:07Z">
      <class name="com.crm.readdata.ReadDataTest">
        <test-method status="PASS" signature="read()[pri:0, instance:com.crm.readdata.ReadDataTest@735b5592]" name="read" duration-ms="21" started-at="2022-03-15T02:26:07Z" finished-at="2022-03-15T02:26:07Z">
          <reporter-output>
          </reporter-output>
        </test-method> <!-- read -->
      </class> <!-- com.crm.readdata.ReadDataTest -->
    </test> <!-- Default test -->
  </suite> <!-- Default suite -->
</testng-results>
